# JRE version: Java(TM) SE Runtime Environment (8.0_60-b27) (build 1.8.0_60-b27)
# Java VM: Java HotSpot(TM) 64-Bit Server VM (25.60-b23 mixed mode windows-amd64 compressed oops)
Heap:
 PSYoungGen      total 239104K, used 192189K [0x00000000eab00000, 0x0000000100000000, 0x0000000100000000)
  eden space 183296K, 74% used [0x00000000eab00000,0x00000000f3037558,0x00000000f5e00000)
  from space 55808K, 99% used [0x00000000f5e00000,0x00000000f94780f8,0x00000000f9480000)
  to   space 68608K, 0% used [0x00000000fbd00000,0x00000000fbd00000,0x0000000100000000)
 ParOldGen       total 123392K, used 74416K [0x00000000c0000000, 0x00000000c7880000, 0x00000000eab00000)
  object space 123392K, 60% used [0x00000000c0000000,0x00000000c48ac0f8,0x00000000c7880000)
 Metaspace       used 6301K, capacity 7222K, committed 7296K, reserved 1056768K
  class space    used 608K, capacity 622K, committed 640K, reserved 1048576K
GC Heap History (10 events):
Event: 3.428 GC heap before
{Heap before GC invocations=8 (full 1):
 PSYoungGen      total 114176K, used 113804K [0x00000000eab00000, 0x00000000f4f80000, 0x0000000100000000)
  eden space 96768K, 100% used [0x00000000eab00000,0x00000000f0980000,0x00000000f0980000)
  from space 17408K, 97% used [0x00000000f3e80000,0x00000000f4f23320,0x00000000f4f80000)
  to   space 25600K, 0% used [0x00000000f1d80000,0x00000000f1d80000,0x00000000f3680000)
 ParOldGen       total 62464K, used 17995K [0x00000000c0000000, 0x00000000c3d00000, 0x00000000eab00000)
  object space 62464K, 28% used [0x00000000c0000000,0x00000000c1192d98,0x00000000c3d00000)
 Metaspace       used 5930K, capacity 7024K, committed 7296K, reserved 1056768K
  class space    used 584K, capacity 616K, committed 640K, reserved 1048576K
Event: 3.494 GC heap after
Heap after GC invocations=8 (full 1):
 PSYoungGen      total 142848K, used 25597K [0x00000000eab00000, 0x00000000f7a80000, 0x0000000100000000)
  eden space 117248K, 0% used [0x00000000eab00000,0x00000000eab00000,0x00000000f1d80000)
  from space 25600K, 99% used [0x00000000f1d80000,0x00000000f367f718,0x00000000f3680000)
  to   space 32256K, 0% used [0x00000000f5b00000,0x00000000f5b00000,0x00000000f7a80000)
 ParOldGen       total 62464K, used 21585K [0x00000000c0000000, 0x00000000c3d00000, 0x00000000eab00000)
  object space 62464K, 34% used [0x00000000c0000000,0x00000000c1514558,0x00000000c3d00000)
 Metaspace       used 5930K, capacity 7024K, committed 7296K, reserved 1056768K
  class space    used 584K, capacity 616K, committed 640K, reserved 1048576K
}
Event: 4.052 GC heap before
{Heap before GC invocations=9 (full 1):
 PSYoungGen      total 142848K, used 142845K [0x00000000eab00000, 0x00000000f7a80000, 0x0000000100000000)
  eden space 117248K, 100% used [0x00000000eab00000,0x00000000f1d80000,0x00000000f1d80000)
  from space 25600K, 99% used [0x00000000f1d80000,0x00000000f367f718,0x00000000f3680000)
  to   space 32256K, 0% used [0x00000000f5b00000,0x00000000f5b00000,0x00000000f7a80000)
 ParOldGen       total 62464K, used 21585K [0x00000000c0000000, 0x00000000c3d00000, 0x00000000eab00000)
  object space 62464K, 34% used [0x00000000c0000000,0x00000000c1514558,0x00000000c3d00000)
 Metaspace       used 6005K, capacity 7088K, committed 7296K, reserved 1056768K
  class space    used 584K, capacity 616K, committed 640K, reserved 1048576K
Event: 4.111 GC heap after
Heap after GC invocations=9 (full 1):
 PSYoungGen      total 175616K, used 28809K [0x00000000eab00000, 0x00000000fa380000, 0x0000000100000000)
  eden space 143360K, 0% used [0x00000000eab00000,0x00000000eab00000,0x00000000f3700000)
  from space 32256K, 89% used [0x00000000f5b00000,0x00000000f7722428,0x00000000f7a80000)
  to   space 36864K, 0% used [0x00000000f3700000,0x00000000f3700000,0x00000000f5b00000)
 ParOldGen       total 62464K, used 21593K [0x00000000c0000000, 0x00000000c3d00000, 0x00000000eab00000)
  object space 62464K, 34% used [0x00000000c0000000,0x00000000c1516558,0x00000000c3d00000)
 Metaspace       used 6005K, capacity 7088K, committed 7296K, reserved 1056768K
  class space    used 584K, capacity 616K, committed 640K, reserved 1048576K
}
Event: 4.821 GC heap before
{Heap before GC invocations=10 (full 1):
 PSYoungGen      total 175616K, used 172169K [0x00000000eab00000, 0x00000000fa380000, 0x0000000100000000)
  eden space 143360K, 100% used [0x00000000eab00000,0x00000000f3700000,0x00000000f3700000)
  from space 32256K, 89% used [0x00000000f5b00000,0x00000000f7722428,0x00000000f7a80000)
  to   space 36864K, 0% used [0x00000000f3700000,0x00000000f3700000,0x00000000f5b00000)
 ParOldGen       total 62464K, used 21593K [0x00000000c0000000, 0x00000000c3d00000, 0x00000000eab00000)
  object space 62464K, 34% used [0x00000000c0000000,0x00000000c1516558,0x00000000c3d00000)
 Metaspace       used 6119K, capacity 7152K, committed 7296K, reserved 1056768K
  class space    used 586K, capacity 616K, committed 640K, reserved 1048576K
Event: 4.922 GC heap after
Heap after GC invocations=10 (full 1):
 PSYoungGen      total 180224K, used 36835K [0x00000000eab00000, 0x00000000fcd00000, 0x0000000100000000)
  eden space 143360K, 0% used [0x00000000eab00000,0x00000000eab00000,0x00000000f3700000)
  from space 36864K, 99% used [0x00000000f3700000,0x00000000f5af8fa8,0x00000000f5b00000)
  to   space 52224K, 0% used [0x00000000f9a00000,0x00000000f9a00000,0x00000000fcd00000)
 ParOldGen       total 62464K, used 45295K [0x00000000c0000000, 0x00000000c3d00000, 0x00000000eab00000)
  object space 62464K, 72% used [0x00000000c0000000,0x00000000c2c3be08,0x00000000c3d00000)
 Metaspace       used 6119K, capacity 7152K, committed 7296K, reserved 1056768K
  class space    used 586K, capacity 616K, committed 640K, reserved 1048576K
}
Event: 4.922 GC heap before
{Heap before GC invocations=11 (full 2):
 PSYoungGen      total 180224K, used 36835K [0x00000000eab00000, 0x00000000fcd00000, 0x0000000100000000)
  eden space 143360K, 0% used [0x00000000eab00000,0x00000000eab00000,0x00000000f3700000)
  from space 36864K, 99% used [0x00000000f3700000,0x00000000f5af8fa8,0x00000000f5b00000)
  to   space 52224K, 0% used [0x00000000f9a00000,0x00000000f9a00000,0x00000000fcd00000)
 ParOldGen       total 62464K, used 45295K [0x00000000c0000000, 0x00000000c3d00000, 0x00000000eab00000)
  object space 62464K, 72% used [0x00000000c0000000,0x00000000c2c3be08,0x00000000c3d00000)
 Metaspace       used 6119K, capacity 7152K, committed 7296K, reserved 1056768K
  class space    used 586K, capacity 616K, committed 640K, reserved 1048576K
Event: 5.302 GC heap after
Heap after GC invocations=11 (full 2):
 PSYoungGen      total 180224K, used 12711K [0x00000000eab00000, 0x00000000fcd00000, 0x0000000100000000)
  eden space 143360K, 0% used [0x00000000eab00000,0x00000000eab00000,0x00000000f3700000)
  from space 36864K, 34% used [0x00000000f3700000,0x00000000f4369ff0,0x00000000f5b00000)
  to   space 52224K, 0% used [0x00000000f9a00000,0x00000000f9a00000,0x00000000fcd00000)
 ParOldGen       total 123392K, used 62412K [0x00000000c0000000, 0x00000000c7880000, 0x00000000eab00000)
  object space 123392K, 50% used [0x00000000c0000000,0x00000000c3cf33a8,0x00000000c7880000)
 Metaspace       used 6119K, capacity 7152K, committed 7296K, reserved 1056768K
  class space    used 586K, capacity 616K, committed 640K, reserved 1048576K
}
Event: 5.956 GC heap before
{Heap before GC invocations=12 (full 2):
 PSYoungGen      total 180224K, used 156071K [0x00000000eab00000, 0x00000000fcd00000, 0x0000000100000000)
  eden space 143360K, 100% used [0x00000000eab00000,0x00000000f3700000,0x00000000f3700000)
  from space 36864K, 34% used [0x00000000f3700000,0x00000000f4369ff0,0x00000000f5b00000)
  to   space 52224K, 0% used [0x00000000f9a00000,0x00000000f9a00000,0x00000000fcd00000)
 ParOldGen       total 123392K, used 62412K [0x00000000c0000000, 0x00000000c7880000, 0x00000000eab00000)
  object space 123392K, 50% used [0x00000000c0000000,0x00000000c3cf33a8,0x00000000c7880000)
 Metaspace       used 6144K, capacity 7152K, committed 7296K, reserved 1056768K
  class space    used 588K, capacity 616K, committed 640K, reserved 1048576K
Event: 6.015 GC heap after
Heap after GC invocations=12 (full 2):
 PSYoungGen      total 233472K, used 38526K [0x00000000eab00000, 0x00000000fcb00000, 0x0000000100000000)
  eden space 183296K, 0% used [0x00000000eab00000,0x00000000eab00000,0x00000000f5e00000)
  from space 50176K, 76% used [0x00000000f9a00000,0x00000000fbf9f9b8,0x00000000fcb00000)
  to   space 55808K, 0% used [0x00000000f5e00000,0x00000000f5e00000,0x00000000f9480000)
 ParOldGen       total 123392K, used 64342K [0x00000000c0000000, 0x00000000c7880000, 0x00000000eab00000)
  object space 123392K, 52% used [0x00000000c0000000,0x00000000c3ed5af8,0x00000000c7880000)
 Metaspace       used 6144K, capacity 7152K, committed 7296K, reserved 1056768K
  class space    used 588K, capacity 616K, committed 640K, reserved 1048576K
}

